<?xml version="1.0" encoding="UTF-8"?>
<testng-results ignored="0" total="1" passed="1" failed="0" skipped="0">
  <reporter-output>
  </reporter-output>
  <suite started-at="2026-02-01T14:33:10 BDT" name="Suite" finished-at="2026-02-01T14:33:10 BDT" duration-ms="42">
    <groups>
    </groups>
    <test started-at="2026-02-01T14:33:10 BDT" name="Test" finished-at="2026-02-01T14:33:10 BDT" duration-ms="42">
      <class name="com.testNGverify.TestNGTest">
        <test-method signature="test()[pri:0, instance:com.testNGverify.TestNGTest@79e2c065]" started-at="2026-02-01T14:33:10 BDT" name="test" finished-at="2026-02-01T14:33:10 BDT" duration-ms="8" status="PASS">
          <reporter-output>
          </reporter-output>
        </test-method> <!-- test -->
      </class> <!-- com.testNGverify.TestNGTest -->
    </test> <!-- Test -->
  </suite> <!-- Suite -->
</testng-results>
