<?xml version="1.0" encoding="UTF-8"?>
<testng-results ignored="0" total="1" passed="1" failed="0" skipped="0">
  <reporter-output>
  </reporter-output>
  <suite started-at="2025-12-27T23:36:34 BDT" name="Suite" finished-at="2025-12-27T23:36:34 BDT" duration-ms="50">
    <groups>
    </groups>
    <test started-at="2025-12-27T23:36:34 BDT" name="Test" finished-at="2025-12-27T23:36:34 BDT" duration-ms="50">
      <class name="com.testNGverify.TestNGTest">
        <test-method signature="test()[pri:0, instance:com.testNGverify.TestNGTest@35cabb2a]" started-at="2025-12-27T23:36:34 BDT" name="test" finished-at="2025-12-27T23:36:34 BDT" duration-ms="9" status="PASS">
          <reporter-output>
          </reporter-output>
        </test-method> <!-- test -->
      </class> <!-- com.testNGverify.TestNGTest -->
    </test> <!-- Test -->
  </suite> <!-- Suite -->
</testng-results>
